AndroidApp/app/build/intermediates/manifest_merge_blame_file/debug/processDebugMainManifest/manifest-merger-blame-debug-report.txt
1<?xml version="1.0" encoding="utf-8"?>
2<manifest xmlns:android="http://schemas.android.com/apk/res/android"
3    package="com.devsoft.freshfood"
4    android:versionCode="1"
5    android:versionName="1.0" >
6
7    <uses-sdk
8        android:minSdkVersion="26"
9        android:targetSdkVersion="34" />
10
11    <uses-permission android:name="android.permission.INTERNET" />
11-->src\main\AndroidManifest.xml:5:5-67
11-->src\main\AndroidManifest.xml:5:22-64
12    <uses-permission android:name="android.permission.CAMERA" />
12-->src\main\AndroidManifest.xml:6:5-65
12-->src\main\AndroidManifest.xml:6:22-62
13    <uses-permission android:name="android.permission.WAKE_LOCK" />
13-->[androidx.work:work-runtime:2.9.0] AndroidManifest.xml:23:5-68
13-->[androidx.work:work-runtime:2.9.0] AndroidManifest.xml:23:22-65
14    <uses-permission android:name="android.permission.ACCESS_NETWORK_STATE" />
14-->[androidx.work:work-runtime:2.9.0] AndroidManifest.xml:24:5-79
14-->[androidx.work:work-runtime:2.9.0] AndroidManifest.xml:24:22-76
15    <uses-permission android:name="android.permission.RECEIVE_BOOT_COMPLETED" />
15-->[androidx.work:work-runtime:2.9.0] AndroidManifest.xml:25:5-81
15-->[androidx.work:work-runtime:2.9.0] AndroidManifest.xml:25:22-78
16    <uses-permission android:name="android.permission.FOREGROUND_SERVICE" />
16-->[androidx.work:work-runtime:2.9.0] AndroidManifest.xml:26:5-77
16-->[androidx.work:work-runtime:2.9.0] AndroidManifest.xml:26:22-74
17
18    <permission
18-->[androidx.core:core:1.12.0] AndroidManifest.xml:22:5-24:47
19        android:name="com.devsoft.freshfood.DYNAMIC_RECEIVER_NOT_EXPORTED_PERMISSION"
19-->[androidx.core:core:1.12.0] AndroidManifest.xml:23:9-81
20        android:protectionLevel="signature" />
20-->[androidx.core:core:1.12.0] AndroidManifest.xml:24:9-44
21
22    <uses-permission android:name="com.devsoft.freshfood.DYNAMIC_RECEIVER_NOT_EXPORTED_PERMISSION" />
22-->[androidx.core:core:1.12.0] AndroidManifest.xml:26:5-97
22-->[androidx.core:core:1.12.0] AndroidManifest.xml:26:22-94
23
24    <application
24-->src\main\AndroidManifest.xml:8:5-32:19
25        android:allowBackup="false"
25-->src\main\AndroidManifest.xml:9:9-36
26        android:appComponentFactory="androidx.core.app.CoreComponentFactory"
26-->[androidx.core:core:1.12.0] AndroidManifest.xml:28:18-86
27        android:debuggable="true"
28        android:extractNativeLibs="false"
29        android:label="@string/app_name"
29-->src\main\AndroidManifest.xml:10:9-41
30        android:supportsRtl="true"
30-->src\main\AndroidManifest.xml:11:9-35
31        android:testOnly="true"
32        android:theme="@style/Theme.FreshFood" >
32-->src\main\AndroidManifest.xml:12:9-47
33        <activity
33-->src\main\AndroidManifest.xml:13:9-21:20
34            android:name="com.devsoft.freshfood.MainActivity"
34-->src\main\AndroidManifest.xml:14:13-41
35            android:exported="true"
35-->src\main\AndroidManifest.xml:15:13-36
36            android:theme="@style/Theme.FreshFood" >
36-->src\main\AndroidManifest.xml:16:13-51
37            <intent-filter>
37-->src\main\AndroidManifest.xml:17:13-20:29
38                <action android:name="android.intent.action.MAIN" />
38-->src\main\AndroidManifest.xml:18:17-69
38-->src\main\AndroidManifest.xml:18:25-66
39
40                <category android:name="android.intent.category.LAUNCHER" />
40-->src\main\AndroidManifest.xml:19:17-77
40-->src\main\AndroidManifest.xml:19:27-74
41            </intent-filter>
42        </activity>
43
44        <provider
45            android:name="androidx.core.content.FileProvider"
45-->src\main\AndroidManifest.xml:24:13-62
46            android:authorities="com.devsoft.freshfood.fileprovider"
46-->src\main\AndroidManifest.xml:25:13-64
47            android:exported="false"
47-->src\main\AndroidManifest.xml:26:13-37
48            android:grantUriPermissions="true" >
48-->src\main\AndroidManifest.xml:27:13-47
49            <meta-data
49-->src\main\AndroidManifest.xml:28:13-30:53
50                android:name="android.support.FILE_PROVIDER_PATHS"
50-->src\main\AndroidManifest.xml:29:17-67
51                android:resource="@xml/filepaths" />
51-->src\main\AndroidManifest.xml:30:17-50
52        </provider>
53
54        <service
54-->[androidx.camera:camera-camera2:1.3.1] AndroidManifest.xml:24:9-33:19
55            android:name="androidx.camera.core.impl.MetadataHolderService"
55-->[androidx.camera:camera-camera2:1.3.1] AndroidManifest.xml:25:13-75
56            android:enabled="false"
56-->[androidx.camera:camera-camera2:1.3.1] AndroidManifest.xml:26:13-36
57            android:exported="false" >
57-->[androidx.camera:camera-camera2:1.3.1] AndroidManifest.xml:27:13-37
58            <meta-data
58-->[androidx.camera:camera-camera2:1.3.1] AndroidManifest.xml:30:13-32:89
59                android:name="androidx.camera.core.impl.MetadataHolderService.DEFAULT_CONFIG_PROVIDER"
59-->[androidx.camera:camera-camera2:1.3.1] AndroidManifest.xml:31:17-103
60                android:value="androidx.camera.camera2.Camera2Config$DefaultProvider" />
60-->[androidx.camera:camera-camera2:1.3.1] AndroidManifest.xml:32:17-86
61        </service>
62        <service
62-->[com.google.android.gms:play-services-mlkit-barcode-scanning:18.3.0] AndroidManifest.xml:9:9-15:19
63            android:name="com.google.mlkit.common.internal.MlKitComponentDiscoveryService"
63-->[com.google.android.gms:play-services-mlkit-barcode-scanning:18.3.0] AndroidManifest.xml:10:13-91
64            android:directBootAware="true"
64-->[com.google.mlkit:common:18.9.0] AndroidManifest.xml:17:13-43
65            android:exported="false" >
65-->[com.google.android.gms:play-services-mlkit-barcode-scanning:18.3.0] AndroidManifest.xml:11:13-37
66            <meta-data
66-->[com.google.android.gms:play-services-mlkit-barcode-scanning:18.3.0] AndroidManifest.xml:12:13-14:85
67                android:name="com.google.firebase.components:com.google.mlkit.vision.barcode.internal.BarcodeRegistrar"
67-->[com.google.android.gms:play-services-mlkit-barcode-scanning:18.3.0] AndroidManifest.xml:13:17-120
68                android:value="com.google.firebase.components.ComponentRegistrar" />
68-->[com.google.android.gms:play-services-mlkit-barcode-scanning:18.3.0] AndroidManifest.xml:14:17-82
69            <meta-data
69-->[com.google.mlkit:vision-common:17.3.0] AndroidManifest.xml:12:13-14:85
70                android:name="com.google.firebase.components:com.google.mlkit.vision.common.internal.VisionCommonRegistrar"
70-->[com.google.mlkit:vision-common:17.3.0] AndroidManifest.xml:13:17-124
71                android:value="com.google.firebase.components.ComponentRegistrar" />
71-->[com.google.mlkit:vision-common:17.3.0] AndroidManifest.xml:14:17-82
72            <meta-data
72-->[com.google.mlkit:common:18.9.0] AndroidManifest.xml:20:13-22:85
73                android:name="com.google.firebase.components:com.google.mlkit.common.internal.CommonComponentRegistrar"
73-->[com.google.mlkit:common:18.9.0] AndroidManifest.xml:21:17-120
74                android:value="com.google.firebase.components.ComponentRegistrar" />
74-->[com.google.mlkit:common:18.9.0] AndroidManifest.xml:22:17-82
75        </service>
76
77        <provider
77-->[com.google.mlkit:common:18.9.0] AndroidManifest.xml:9:9-13:38
78            android:name="com.google.mlkit.common.internal.MlKitInitProvider"
78-->[com.google.mlkit:common:18.9.0] AndroidManifest.xml:10:13-78
79            android:authorities="com.devsoft.freshfood.mlkitinitprovider"
79-->[com.google.mlkit:common:18.9.0] AndroidManifest.xml:11:13-69
80            android:exported="false"
80-->[com.google.mlkit:common:18.9.0] AndroidManifest.xml:12:13-37
81            android:initOrder="99" />
81-->[com.google.mlkit:common:18.9.0] AndroidManifest.xml:13:13-35
82
83        <activity
83-->[com.google.android.gms:play-services-base:18.1.0] AndroidManifest.xml:20:9-22:45
84            android:name="com.google.android.gms.common.api.GoogleApiActivity"
84-->[com.google.android.gms:play-services-base:18.1.0] AndroidManifest.xml:20:19-85
85            android:exported="false"
85-->[com.google.android.gms:play-services-base:18.1.0] AndroidManifest.xml:22:19-43
86            android:theme="@android:style/Theme.Translucent.NoTitleBar" />
86-->[com.google.android.gms:play-services-base:18.1.0] AndroidManifest.xml:21:19-78
87
88        <meta-data
88-->[com.google.android.gms:play-services-basement:18.1.0] AndroidManifest.xml:21:9-23:69
89            android:name="com.google.android.gms.version"
89-->[com.google.android.gms:play-services-basement:18.1.0] AndroidManifest.xml:22:13-58
90            android:value="@integer/google_play_services_version" />
90-->[com.google.android.gms:play-services-basement:18.1.0] AndroidManifest.xml:23:13-66
91
92        <provider
92-->[androidx.work:work-runtime:2.9.0] AndroidManifest.xml:29:9-37:20
93            android:name="androidx.startup.InitializationProvider"
93-->[androidx.work:work-runtime:2.9.0] AndroidManifest.xml:30:13-67
94            android:authorities="com.devsoft.freshfood.androidx-startup"
94-->[androidx.work:work-runtime:2.9.0] AndroidManifest.xml:31:13-68
95            android:exported="false" >
95-->[androidx.work:work-runtime:2.9.0] AndroidManifest.xml:32:13-37
96            <meta-data
96-->[androidx.work:work-runtime:2.9.0] AndroidManifest.xml:34:13-36:52
97                android:name="androidx.work.WorkManagerInitializer"
97-->[androidx.work:work-runtime:2.9.0] AndroidManifest.xml:35:17-68
98                android:value="androidx.startup" />
98-->[androidx.work:work-runtime:2.9.0] AndroidManifest.xml:36:17-49
99            <meta-data
99-->[io.github.jan-tennert.supabase:storage-kt-android-debug:2.1.3] AndroidManifest.xml:14:13-16:52
100                android:name="io.github.jan.supabase.storage.SupabaseInitializer"
100-->[io.github.jan-tennert.supabase:storage-kt-android-debug:2.1.3] AndroidManifest.xml:15:17-82
101                android:value="androidx.startup" />
101-->[io.github.jan-tennert.supabase:storage-kt-android-debug:2.1.3] AndroidManifest.xml:16:17-49
102            <meta-data
102-->[io.github.jan-tennert.supabase:gotrue-kt-android-debug:2.1.3] AndroidManifest.xml:14:13-16:52
103                android:name="io.github.jan.supabase.gotrue.SupabaseInitializer"
103-->[io.github.jan-tennert.supabase:gotrue-kt-android-debug:2.1.3] AndroidManifest.xml:15:17-81
104                android:value="androidx.startup" />
104-->[io.github.jan-tennert.supabase:gotrue-kt-android-debug:2.1.3] AndroidManifest.xml:16:17-49
105            <meta-data
105-->[androidx.emoji2:emoji2:1.4.0] AndroidManifest.xml:29:13-31:52
106                android:name="androidx.emoji2.text.EmojiCompatInitializer"
106-->[androidx.emoji2:emoji2:1.4.0] AndroidManifest.xml:30:17-75
107                android:value="androidx.startup" />
107-->[androidx.emoji2:emoji2:1.4.0] AndroidManifest.xml:31:17-49
108            <meta-data
108-->[androidx.lifecycle:lifecycle-process:2.7.0] AndroidManifest.xml:29:13-31:52
109                android:name="androidx.lifecycle.ProcessLifecycleInitializer"
109-->[androidx.lifecycle:lifecycle-process:2.7.0] AndroidManifest.xml:30:17-78
110                android:value="androidx.startup" />
110-->[androidx.lifecycle:lifecycle-process:2.7.0] AndroidManifest.xml:31:17-49
111            <meta-data
111-->[androidx.profileinstaller:profileinstaller:1.3.0] AndroidManifest.xml:29:13-31:52
112                android:name="androidx.profileinstaller.ProfileInstallerInitializer"
112-->[androidx.profileinstaller:profileinstaller:1.3.0] AndroidManifest.xml:30:17-85
113                android:value="androidx.startup" />
113-->[androidx.profileinstaller:profileinstaller:1.3.0] AndroidManifest.xml:31:17-49
114            <meta-data
114-->[com.russhwolf:multiplatform-settings-no-arg-android-debug:1.1.1] AndroidManifest.xml:29:13-31:52
115                android:name="com.russhwolf.settings.SettingsInitializer"
115-->[com.russhwolf:multiplatform-settings-no-arg-android-debug:1.1.1] AndroidManifest.xml:30:17-74
116                android:value="androidx.startup" />
116-->[com.russhwolf:multiplatform-settings-no-arg-android-debug:1.1.1] AndroidManifest.xml:31:17-49
117        </provider>
118
119        <service
119-->[androidx.work:work-runtime:2.9.0] AndroidManifest.xml:39:9-45:35
120            android:name="androidx.work.impl.background.systemalarm.SystemAlarmService"
120-->[androidx.work:work-runtime:2.9.0] AndroidManifest.xml:40:13-88
121            android:directBootAware="false"
121-->[androidx.work:work-runtime:2.9.0] AndroidManifest.xml:41:13-44
122            android:enabled="@bool/enable_system_alarm_service_default"
122-->[androidx.work:work-runtime:2.9.0] AndroidManifest.xml:42:13-72
123            android:exported="false" />
123-->[androidx.work:work-runtime:2.9.0] AndroidManifest.xml:43:13-37
124        <service
124-->[androidx.work:work-runtime:2.9.0] AndroidManifest.xml:46:9-52:35
125            android:name="androidx.work.impl.background.systemjob.SystemJobService"
125-->[androidx.work:work-runtime:2.9.0] AndroidManifest.xml:47:13-84
126            android:directBootAware="false"
126-->[androidx.work:work-runtime:2.9.0] AndroidManifest.xml:48:13-44
127            android:enabled="@bool/enable_system_job_service_default"
127-->[androidx.work:work-runtime:2.9.0] AndroidManifest.xml:49:13-70
128            android:exported="true"
128-->[androidx.work:work-runtime:2.9.0] AndroidManifest.xml:50:13-36
129            android:permission="android.permission.BIND_JOB_SERVICE" />
129-->[androidx.work:work-runtime:2.9.0] AndroidManifest.xml:51:13-69
130        <service
130-->[androidx.work:work-runtime:2.9.0] AndroidManifest.xml:53:9-59:35
131            android:name="androidx.work.impl.foreground.SystemForegroundService"
131-->[androidx.work:work-runtime:2.9.0] AndroidManifest.xml:54:13-81
132            android:directBootAware="false"
132-->[androidx.work:work-runtime:2.9.0] AndroidManifest.xml:55:13-44
133            android:enabled="@bool/enable_system_foreground_service_default"
133-->[androidx.work:work-runtime:2.9.0] AndroidManifest.xml:56:13-77
134            android:exported="false" />
134-->[androidx.work:work-runtime:2.9.0] AndroidManifest.xml:57:13-37
135
136        <receiver
136-->[androidx.work:work-runtime:2.9.0] AndroidManifest.xml:61:9-66:35
137            android:name="androidx.work.impl.utils.ForceStopRunnable$BroadcastReceiver"
137-->[androidx.work:work-runtime:2.9.0] AndroidManifest.xml:62:13-88
138            android:directBootAware="false"
138-->[androidx.work:work-runtime:2.9.0] AndroidManifest.xml:63:13-44
139            android:enabled="true"
139-->[androidx.work:work-runtime:2.9.0] AndroidManifest.xml:64:13-35
140            android:exported="false" />
140-->[androidx.work:work-runtime:2.9.0] AndroidManifest.xml:65:13-37
141        <receiver
141-->[androidx.work:work-runtime:2.9.0] AndroidManifest.xml:67:9-77:20
142            android:name="androidx.work.impl.background.systemalarm.ConstraintProxy$BatteryChargingProxy"
142-->[androidx.work:work-runtime:2.9.0] AndroidManifest.xml:68:13-106
143            android:directBootAware="false"
143-->[androidx.work:work-runtime:2.9.0] AndroidManifest.xml:69:13-44
144            android:enabled="false"
144-->[androidx.work:work-runtime:2.9.0] AndroidManifest.xml:70:13-36
145            android:exported="false" >
145-->[androidx.work:work-runtime:2.9.0] AndroidManifest.xml:71:13-37
146            <intent-filter>
146-->[androidx.work:work-runtime:2.9.0] AndroidManifest.xml:73:13-76:29
147                <action android:name="android.intent.action.ACTION_POWER_CONNECTED" />
147-->[androidx.work:work-runtime:2.9.0] AndroidManifest.xml:74:17-87
147-->[androidx.work:work-runtime:2.9.0] AndroidManifest.xml:74:25-84
148                <action android:name="android.intent.action.ACTION_POWER_DISCONNECTED" />
148-->[androidx.work:work-runtime:2.9.0] AndroidManifest.xml:75:17-90
148-->[androidx.work:work-runtime:2.9.0] AndroidManifest.xml:75:25-87
149            </intent-filter>
150        </receiver>
151        <receiver
151-->[androidx.work:work-runtime:2.9.0] AndroidManifest.xml:78:9-88:20
152            android:name="androidx.work.impl.background.systemalarm.ConstraintProxy$BatteryNotLowProxy"
152-->[androidx.work:work-runtime:2.9.0] AndroidManifest.xml:79:13-104
153            android:directBootAware="false"
153-->[androidx.work:work-runtime:2.9.0] AndroidManifest.xml:80:13-44
154            android:enabled="false"
154-->[androidx.work:work-runtime:2.9.0] AndroidManifest.xml:81:13-36
155            android:exported="false" >
155-->[androidx.work:work-runtime:2.9.0] AndroidManifest.xml:82:13-37
156            <intent-filter>
156-->[androidx.work:work-runtime:2.9.0] AndroidManifest.xml:84:13-87:29
157                <action android:name="android.intent.action.BATTERY_OKAY" />
157-->[androidx.work:work-runtime:2.9.0] AndroidManifest.xml:85:17-77
157-->[androidx.work:work-runtime:2.9.0] AndroidManifest.xml:85:25-74
158                <action android:name="android.intent.action.BATTERY_LOW" />
158-->[androidx.work:work-runtime:2.9.0] AndroidManifest.xml:86:17-76
158-->[androidx.work:work-runtime:2.9.0] AndroidManifest.xml:86:25-73
159            </intent-filter>
160        </receiver>
161        <receiver
161-->[androidx.work:work-runtime:2.9.0] AndroidManifest.xml:89:9-99:20
162            android:name="androidx.work.impl.background.systemalarm.ConstraintProxy$StorageNotLowProxy"
162-->[androidx.work:work-runtime:2.9.0] AndroidManifest.xml:90:13-104
163            android:directBootAware="false"
163-->[androidx.work:work-runtime:2.9.0] AndroidManifest.xml:91:13-44
164            android:enabled="false"
164-->[androidx.work:work-runtime:2.9.0] AndroidManifest.xml:92:13-36
165            android:exported="false" >
165-->[androidx.work:work-runtime:2.9.0] AndroidManifest.xml:93:13-37
166            <intent-filter>
166-->[androidx.work:work-runtime:2.9.0] AndroidManifest.xml:95:13-98:29
167                <action android:name="android.intent.action.DEVICE_STORAGE_LOW" />
167-->[androidx.work:work-runtime:2.9.0] AndroidManifest.xml:96:17-83
167-->[androidx.work:work-runtime:2.9.0] AndroidManifest.xml:96:25-80
168                <action android:name="android.intent.action.DEVICE_STORAGE_OK" />
168-->[androidx.work:work-runtime:2.9.0] AndroidManifest.xml:97:17-82
168-->[androidx.work:work-runtime:2.9.0] AndroidManifest.xml:97:25-79
169            </intent-filter>
170        </receiver>
171        <receiver
171-->[androidx.work:work-runtime:2.9.0] AndroidManifest.xml:100:9-109:20
172            android:name="androidx.work.impl.background.systemalarm.ConstraintProxy$NetworkStateProxy"
172-->[androidx.work:work-runtime:2.9.0] AndroidManifest.xml:101:13-103
173            android:directBootAware="false"
173-->[androidx.work:work-runtime:2.9.0] AndroidManifest.xml:102:13-44
174            android:enabled="false"
174-->[androidx.work:work-runtime:2.9.0] AndroidManifest.xml:103:13-36
175            android:exported="false" >
175-->[androidx.work:work-runtime:2.9.0] AndroidManifest.xml:104:13-37
176            <intent-filter>
176-->[androidx.work:work-runtime:2.9.0] AndroidManifest.xml:106:13-108:29
177                <action android:name="android.net.conn.CONNECTIVITY_CHANGE" />
177-->[androidx.work:work-runtime:2.9.0] AndroidManifest.xml:107:17-79
177-->[androidx.work:work-runtime:2.9.0] AndroidManifest.xml:107:25-76
178            </intent-filter>
179        </receiver>
180        <receiver
180-->[androidx.work:work-runtime:2.9.0] AndroidManifest.xml:110:9-121:20
181            android:name="androidx.work.impl.background.systemalarm.RescheduleReceiver"
181-->[androidx.work:work-runtime:2.9.0] AndroidManifest.xml:111:13-88
182            android:directBootAware="false"
182-->[androidx.work:work-runtime:2.9.0] AndroidManifest.xml:112:13-44
183            android:enabled="false"
183-->[androidx.work:work-runtime:2.9.0] AndroidManifest.xml:113:13-36
184            android:exported="false" >
184-->[androidx.work:work-runtime:2.9.0] AndroidManifest.xml:114:13-37
185            <intent-filter>
185-->[androidx.work:work-runtime:2.9.0] AndroidManifest.xml:116:13-120:29
186                <action android:name="android.intent.action.BOOT_COMPLETED" />
186-->[androidx.work:work-runtime:2.9.0] AndroidManifest.xml:117:17-79
186-->[androidx.work:work-runtime:2.9.0] AndroidManifest.xml:117:25-76
187                <action android:name="android.intent.action.TIME_SET" />
187-->[androidx.work:work-runtime:2.9.0] AndroidManifest.xml:118:17-73
187-->[androidx.work:work-runtime:2.9.0] AndroidManifest.xml:118:25-70
188                <action android:name="android.intent.action.TIMEZONE_CHANGED" />
188-->[androidx.work:work-runtime:2.9.0] AndroidManifest.xml:119:17-81
188-->[androidx.work:work-runtime:2.9.0] AndroidManifest.xml:119:25-78
189            </intent-filter>
190        </receiver>
191        <receiver
191-->[androidx.work:work-runtime:2.9.0] AndroidManifest.xml:122:9-131:20
192            android:name="androidx.work.impl.background.systemalarm.ConstraintProxyUpdateReceiver"
192-->[androidx.work:work-runtime:2.9.0] AndroidManifest.xml:123:13-99
193            android:directBootAware="false"
193-->[androidx.work:work-runtime:2.9.0] AndroidManifest.xml:124:13-44
194            android:enabled="@bool/enable_system_alarm_service_default"
194-->[androidx.work:work-runtime:2.9.0] AndroidManifest.xml:125:13-72
195            android:exported="false" >
195-->[androidx.work:work-runtime:2.9.0] AndroidManifest.xml:126:13-37
196            <intent-filter>
196-->[androidx.work:work-runtime:2.9.0] AndroidManifest.xml:128:13-130:29
197                <action android:name="androidx.work.impl.background.systemalarm.UpdateProxies" />
197-->[androidx.work:work-runtime:2.9.0] AndroidManifest.xml:129:17-98
197-->[androidx.work:work-runtime:2.9.0] AndroidManifest.xml:129:25-95
198            </intent-filter>
199        </receiver>
200        <receiver
200-->[androidx.work:work-runtime:2.9.0] AndroidManifest.xml:132:9-142:20
201            android:name="androidx.work.impl.diagnostics.DiagnosticsReceiver"
201-->[androidx.work:work-runtime:2.9.0] AndroidManifest.xml:133:13-78
202            android:directBootAware="false"
202-->[androidx.work:work-runtime:2.9.0] AndroidManifest.xml:134:13-44
203            android:enabled="true"
203-->[androidx.work:work-runtime:2.9.0] AndroidManifest.xml:135:13-35
204            android:exported="true"
204-->[androidx.work:work-runtime:2.9.0] AndroidManifest.xml:136:13-36
205            android:permission="android.permission.DUMP" >
205-->[androidx.work:work-runtime:2.9.0] AndroidManifest.xml:137:13-57
206            <intent-filter>
206-->[androidx.work:work-runtime:2.9.0] AndroidManifest.xml:139:13-141:29
207                <action android:name="androidx.work.diagnostics.REQUEST_DIAGNOSTICS" />
207-->[androidx.work:work-runtime:2.9.0] AndroidManifest.xml:140:17-88
207-->[androidx.work:work-runtime:2.9.0] AndroidManifest.xml:140:25-85
208            </intent-filter>
209        </receiver>
210
211        <service
211-->[androidx.room:room-runtime:2.6.1] AndroidManifest.xml:24:9-28:63
212            android:name="androidx.room.MultiInstanceInvalidationService"
212-->[androidx.room:room-runtime:2.6.1] AndroidManifest.xml:25:13-74
213            android:directBootAware="true"
213-->[androidx.room:room-runtime:2.6.1] AndroidManifest.xml:26:13-43
214            android:exported="false" />
214-->[androidx.room:room-runtime:2.6.1] AndroidManifest.xml:27:13-37
215
216        <receiver
216-->[androidx.profileinstaller:profileinstaller:1.3.0] AndroidManifest.xml:34:9-52:20
217            android:name="androidx.profileinstaller.ProfileInstallReceiver"
217-->[androidx.profileinstaller:profileinstaller:1.3.0] AndroidManifest.xml:35:13-76
218            android:directBootAware="false"
218-->[androidx.profileinstaller:profileinstaller:1.3.0] AndroidManifest.xml:36:13-44
219            android:enabled="true"
219-->[androidx.profileinstaller:profileinstaller:1.3.0] AndroidManifest.xml:37:13-35
220            android:exported="true"
220-->[androidx.profileinstaller:profileinstaller:1.3.0] AndroidManifest.xml:38:13-36
221            android:permission="android.permission.DUMP" >
221-->[androidx.profileinstaller:profileinstaller:1.3.0] AndroidManifest.xml:39:13-57
222            <intent-filter>
222-->[androidx.profileinstaller:profileinstaller:1.3.0] AndroidManifest.xml:40:13-42:29
223                <action android:name="androidx.profileinstaller.action.INSTALL_PROFILE" />
223-->[androidx.profileinstaller:profileinstaller:1.3.0] AndroidManifest.xml:41:17-91
223-->[androidx.profileinstaller:profileinstaller:1.3.0] AndroidManifest.xml:41:25-88
224            </intent-filter>
225            <intent-filter>
225-->[androidx.profileinstaller:profileinstaller:1.3.0] AndroidManifest.xml:43:13-45:29
226                <action android:name="androidx.profileinstaller.action.SKIP_FILE" />
226-->[androidx.profileinstaller:profileinstaller:1.3.0] AndroidManifest.xml:44:17-85
226-->[androidx.profileinstaller:profileinstaller:1.3.0] AndroidManifest.xml:44:25-82
227            </intent-filter>
228            <intent-filter>
228-->[androidx.profileinstaller:profileinstaller:1.3.0] AndroidManifest.xml:46:13-48:29
229                <action android:name="androidx.profileinstaller.action.SAVE_PROFILE" />
229-->[androidx.profileinstaller:profileinstaller:1.3.0] AndroidManifest.xml:47:17-88
229-->[androidx.profileinstaller:profileinstaller:1.3.0] AndroidManifest.xml:47:25-85
230            </intent-filter>
231            <intent-filter>
231-->[androidx.profileinstaller:profileinstaller:1.3.0] AndroidManifest.xml:49:13-51:29
232                <action android:name="androidx.profileinstaller.action.BENCHMARK_OPERATION" />
232-->[androidx.profileinstaller:profileinstaller:1.3.0] AndroidManifest.xml:50:17-95
232-->[androidx.profileinstaller:profileinstaller:1.3.0] AndroidManifest.xml:50:25-92
233            </intent-filter>
234        </receiver>
235
236        <service
236-->[com.google.android.datatransport:transport-backend-cct:2.3.3] AndroidManifest.xml:29:9-35:19
237            android:name="com.google.android.datatransport.runtime.backends.TransportBackendDiscovery"
237-->[com.google.android.datatransport:transport-backend-cct:2.3.3] AndroidManifest.xml:30:13-103
238            android:exported="false" >
238-->[com.google.android.datatransport:transport-backend-cct:2.3.3] AndroidManifest.xml:31:13-37
239            <meta-data
239-->[com.google.android.datatransport:transport-backend-cct:2.3.3] AndroidManifest.xml:32:13-34:39
240                android:name="backend:com.google.android.datatransport.cct.CctBackendFactory"
240-->[com.google.android.datatransport:transport-backend-cct:2.3.3] AndroidManifest.xml:33:17-94
241                android:value="cct" />
241-->[com.google.android.datatransport:transport-backend-cct:2.3.3] AndroidManifest.xml:34:17-36
242        </service>
243        <service
243-->[com.google.android.datatransport:transport-runtime:2.2.6] AndroidManifest.xml:26:9-30:19
244            android:name="com.google.android.datatransport.runtime.scheduling.jobscheduling.JobInfoSchedulerService"
244-->[com.google.android.datatransport:transport-runtime:2.2.6] AndroidManifest.xml:27:13-117
245            android:exported="false"
245-->[com.google.android.datatransport:transport-runtime:2.2.6] AndroidManifest.xml:28:13-37
246            android:permission="android.permission.BIND_JOB_SERVICE" >
246-->[com.google.android.datatransport:transport-runtime:2.2.6] AndroidManifest.xml:29:13-69
247        </service>
248
249        <receiver
249-->[com.google.android.datatransport:transport-runtime:2.2.6] AndroidManifest.xml:32:9-34:40
250            android:name="com.google.android.datatransport.runtime.scheduling.jobscheduling.AlarmManagerSchedulerBroadcastReceiver"
250-->[com.google.android.datatransport:transport-runtime:2.2.6] AndroidManifest.xml:33:13-132
251            android:exported="false" />
251-->[com.google.android.datatransport:transport-runtime:2.2.6] AndroidManifest.xml:34:13-37
252    </application>
253
254</manifest>